<?xml version="1.0" encoding="UTF-8"?>
<!-- Generated by org.testng.reporters.JUnitXMLReporter -->
<testsuite ignored="0" hostname="Ranjith" failures="0" tests="4" name="Default test" time="13.261" errors="0" timestamp="2024-12-28T11:35:22 IST">
  <testcase classname="byExcel.ReadDatasInExcel" name="loginFunction" time="0.503"/>
  <testcase classname="byExcel.ReadDatasInExcel" name="loginFunction" time="1.932"/>
  <testcase classname="byExcel.ReadDatasInExcel" name="loginFunction" time="1.592"/>
  <testcase classname="byExcel.ReadDatasInExcel" name="loginFunction" time="1.56"/>
</testsuite> <!-- Default test -->
