<?xml version="1.0" encoding="UTF-8"?>
<!-- Generated by org.testng.reporters.JUnitXMLReporter -->
<testsuite ignored="0" hostname="Ranjith" failures="0" tests="4" name="Default test" time="15.14" errors="0" timestamp="2025-01-01T17:14:07 IST">
  <testcase classname="test.LoginByExcelData" name="loginFunction" time="0.493"/>
  <testcase classname="test.LoginByExcelData" name="loginFunction" time="1.938"/>
  <testcase classname="test.LoginByExcelData" name="loginFunction" time="1.608"/>
  <testcase classname="test.LoginByExcelData" name="loginFunction" time="2.601"/>
</testsuite> <!-- Default test -->
