<?xml version="1.0" encoding="UTF-8"?>
<testng-results ignored="0" total="4" passed="4" failed="0" skipped="0">
  <reporter-output>
  </reporter-output>
  <suite started-at="2025-01-01T17:13:52 IST" name="Default suite" finished-at="2025-01-01T17:14:07 IST" duration-ms="15140">
    <groups>
    </groups>
    <test started-at="2025-01-01T17:13:52 IST" name="Default test" finished-at="2025-01-01T17:14:07 IST" duration-ms="15140">
      <class name="test.LoginByExcelData">
        <test-method is-config="true" signature="openChrome()[pri:0, instance:test.LoginByExcelData@1caa0244]" started-at="2025-01-01T17:13:52 IST" name="openChrome" finished-at="2025-01-01T17:13:59 IST" duration-ms="6837" status="PASS">
          <reporter-output>
          </reporter-output>
        </test-method> <!-- openChrome -->
        <test-method signature="loginFunction(java.lang.String,java.lang.String)[pri:0, instance:test.LoginByExcelData@1caa0244]" started-at="2025-01-01T17:14:00 IST" name="loginFunction" data-provider="loginData2" finished-at="2025-01-01T17:14:01 IST" duration-ms="493" status="PASS">
          <params>
            <param index="0">
              <value>
                <![CDATA[Admin]]>
              </value>
            </param>
            <param index="1">
              <value>
                <![CDATA[invalidpword]]>
              </value>
            </param>
          </params>
          <reporter-output>
          </reporter-output>
        </test-method> <!-- loginFunction -->
        <test-method signature="loginFunction(java.lang.String,java.lang.String)[pri:0, instance:test.LoginByExcelData@1caa0244]" started-at="2025-01-01T17:14:01 IST" name="loginFunction" data-provider="loginData2" finished-at="2025-01-01T17:14:03 IST" duration-ms="1938" status="PASS">
          <params>
            <param index="0">
              <value>
                <![CDATA[invaliduname]]>
              </value>
            </param>
            <param index="1">
              <value>
                <![CDATA[admin123]]>
              </value>
            </param>
          </params>
          <reporter-output>
          </reporter-output>
        </test-method> <!-- loginFunction -->
        <test-method signature="loginFunction(java.lang.String,java.lang.String)[pri:0, instance:test.LoginByExcelData@1caa0244]" started-at="2025-01-01T17:14:03 IST" name="loginFunction" data-provider="loginData2" finished-at="2025-01-01T17:14:04 IST" duration-ms="1608" status="PASS">
          <params>
            <param index="0">
              <value>
                <![CDATA[invaliduname]]>
              </value>
            </param>
            <param index="1">
              <value>
                <![CDATA[invalidpword]]>
              </value>
            </param>
          </params>
          <reporter-output>
          </reporter-output>
        </test-method> <!-- loginFunction -->
        <test-method signature="loginFunction(java.lang.String,java.lang.String)[pri:0, instance:test.LoginByExcelData@1caa0244]" started-at="2025-01-01T17:14:04 IST" name="loginFunction" data-provider="loginData2" finished-at="2025-01-01T17:14:07 IST" duration-ms="2601" status="PASS">
          <params>
            <param index="0">
              <value>
                <![CDATA[Admin]]>
              </value>
            </param>
            <param index="1">
              <value>
                <![CDATA[admin123]]>
              </value>
            </param>
          </params>
          <reporter-output>
          </reporter-output>
        </test-method> <!-- loginFunction -->
        <test-method is-config="true" signature="closeChrome()[pri:0, instance:test.LoginByExcelData@1caa0244]" started-at="2025-01-01T17:14:07 IST" name="closeChrome" finished-at="2025-01-01T17:14:07 IST" duration-ms="216" status="PASS">
          <reporter-output>
          </reporter-output>
        </test-method> <!-- closeChrome -->
      </class> <!-- test.LoginByExcelData -->
    </test> <!-- Default test -->
  </suite> <!-- Default suite -->
</testng-results>
