<?xml version="1.0" encoding="UTF-8"?>
<testng-results ignored="0" total="4" passed="4" failed="0" skipped="0">
  <reporter-output>
  </reporter-output>
  <suite started-at="2024-12-28T11:35:09 IST" name="Default suite" finished-at="2024-12-28T11:35:22 IST" duration-ms="13261">
    <groups>
    </groups>
    <test started-at="2024-12-28T11:35:09 IST" name="Default test" finished-at="2024-12-28T11:35:22 IST" duration-ms="13261">
      <class name="byExcel.ReadDatasInExcel">
        <test-method is-config="true" signature="openChrome()[pri:0, instance:byExcel.ReadDatasInExcel@1750fbeb]" started-at="2024-12-28T11:35:09 IST" name="openChrome" finished-at="2024-12-28T11:35:15 IST" duration-ms="5880" status="PASS">
          <reporter-output>
          </reporter-output>
        </test-method> <!-- openChrome -->
        <test-method signature="loginFunction(java.lang.String,java.lang.String)[pri:0, instance:byExcel.ReadDatasInExcel@1750fbeb]" started-at="2024-12-28T11:35:16 IST" name="loginFunction" data-provider="LoginDatas" finished-at="2024-12-28T11:35:17 IST" duration-ms="503" status="PASS">
          <params>
            <param index="0">
              <value>
                <![CDATA[Admin]]>
              </value>
            </param>
            <param index="1">
              <value>
                <![CDATA[wrong]]>
              </value>
            </param>
          </params>
          <reporter-output>
          </reporter-output>
        </test-method> <!-- loginFunction -->
        <test-method signature="loginFunction(java.lang.String,java.lang.String)[pri:0, instance:byExcel.ReadDatasInExcel@1750fbeb]" started-at="2024-12-28T11:35:17 IST" name="loginFunction" data-provider="LoginDatas" finished-at="2024-12-28T11:35:19 IST" duration-ms="1932" status="PASS">
          <params>
            <param index="0">
              <value>
                <![CDATA[wrong]]>
              </value>
            </param>
            <param index="1">
              <value>
                <![CDATA[admin123]]>
              </value>
            </param>
          </params>
          <reporter-output>
          </reporter-output>
        </test-method> <!-- loginFunction -->
        <test-method signature="loginFunction(java.lang.String,java.lang.String)[pri:0, instance:byExcel.ReadDatasInExcel@1750fbeb]" started-at="2024-12-28T11:35:19 IST" name="loginFunction" data-provider="LoginDatas" finished-at="2024-12-28T11:35:20 IST" duration-ms="1592" status="PASS">
          <params>
            <param index="0">
              <value>
                <![CDATA[wrong]]>
              </value>
            </param>
            <param index="1">
              <value>
                <![CDATA[wrong]]>
              </value>
            </param>
          </params>
          <reporter-output>
          </reporter-output>
        </test-method> <!-- loginFunction -->
        <test-method signature="loginFunction(java.lang.String,java.lang.String)[pri:0, instance:byExcel.ReadDatasInExcel@1750fbeb]" started-at="2024-12-28T11:35:20 IST" name="loginFunction" data-provider="LoginDatas" finished-at="2024-12-28T11:35:22 IST" duration-ms="1560" status="PASS">
          <params>
            <param index="0">
              <value>
                <![CDATA[Admin]]>
              </value>
            </param>
            <param index="1">
              <value>
                <![CDATA[admin123]]>
              </value>
            </param>
          </params>
          <reporter-output>
          </reporter-output>
        </test-method> <!-- loginFunction -->
        <test-method is-config="true" signature="closeChrome()[pri:0, instance:byExcel.ReadDatasInExcel@1750fbeb]" started-at="2024-12-28T11:35:22 IST" name="closeChrome" finished-at="2024-12-28T11:35:22 IST" duration-ms="319" status="PASS">
          <reporter-output>
          </reporter-output>
        </test-method> <!-- closeChrome -->
      </class> <!-- byExcel.ReadDatasInExcel -->
    </test> <!-- Default test -->
  </suite> <!-- Default suite -->
</testng-results>
